c:\users\sumi4ka\documents\cuda_md\\build\intermediate\kernels.cu.obj
c:\users\sumi4ka\documents\cuda_md\\build\intermediate\main.cu.obj
c:\users\sumi4ka\documents\cuda_md\\build\intermediate\molecule.cu.obj
c:\users\sumi4ka\documents\cuda_md\\build\intermediate\moleculecpu.cu.obj
c:\users\sumi4ka\documents\cuda_md\\build\intermediate\moleculegpu.cu.obj
c:\users\sumi4ka\documents\cuda_md\\build\intermediate\solver.cu.obj
c:\users\sumi4ka\documents\cuda_md\build\cuda_md.exe
c:\users\sumi4ka\documents\cuda_md\build\cuda_md.pdb
c:\users\sumi4ka\documents\cuda_md\build\cuda_md.lib
c:\users\sumi4ka\documents\cuda_md\build\cuda_md.exp
c:\users\sumi4ka\documents\cuda_md\build\intermediate\kernels.cu.cache
c:\users\sumi4ka\documents\cuda_md\build\intermediate\main.cu.cache
c:\users\sumi4ka\documents\cuda_md\build\intermediate\molecule.cu.cache
c:\users\sumi4ka\documents\cuda_md\build\intermediate\moleculecpu.cu.cache
c:\users\sumi4ka\documents\cuda_md\build\intermediate\moleculegpu.cu.cache
c:\users\sumi4ka\documents\cuda_md\build\intermediate\solver.cu.cache
c:\users\sumi4ka\documents\cuda_md\build\intermediate\cuda_md.device-link.obj
c:\users\sumi4ka\documents\cuda_md\build\intermediate\kernels.cu.obj
c:\users\sumi4ka\documents\cuda_md\build\intermediate\main.cu.obj
c:\users\sumi4ka\documents\cuda_md\build\intermediate\molecule.cu.obj
c:\users\sumi4ka\documents\cuda_md\build\intermediate\moleculecpu.cu.obj
c:\users\sumi4ka\documents\cuda_md\build\intermediate\moleculegpu.cu.obj
c:\users\sumi4ka\documents\cuda_md\build\intermediate\solver.cu.obj
c:\users\sumi4ka\documents\cuda_md\build\intermediate\vc143.pdb
c:\users\sumi4ka\documents\cuda_md\build\intermediate\cuda_md.vcxproj.filelistabsolute.txt
c:\users\sumi4ka\documents\cuda_md\build\intermediate\cuda_md.tlog\cudacompile.read.1u.tlog
c:\users\sumi4ka\documents\cuda_md\build\intermediate\cuda_md.tlog\cudacompile.write.1u.tlog
c:\users\sumi4ka\documents\cuda_md\build\intermediate\cuda_md.tlog\link.command.1.tlog
c:\users\sumi4ka\documents\cuda_md\build\intermediate\cuda_md.tlog\link.read.1.tlog
c:\users\sumi4ka\documents\cuda_md\build\intermediate\cuda_md.tlog\link.secondary.1.tlog
c:\users\sumi4ka\documents\cuda_md\build\intermediate\cuda_md.tlog\link.write.1.tlog
